<?xml version="1.0" encoding="UTF-8"?>
<testng-results ignored="0" total="1" passed="1" failed="0" skipped="0">
  <reporter-output>
  </reporter-output>
  <suite started-at="2021-12-02T17:36:04 IST" name="Default suite" finished-at="2021-12-02T17:36:31 IST" duration-ms="26800">
    <groups>
    </groups>
    <test started-at="2021-12-02T17:36:04 IST" name="Default test" finished-at="2021-12-02T17:36:31 IST" duration-ms="26800">
      <class name="com.test.FirstTest">
        <test-method signature="FirstTestTest()[pri:0, instance:com.test.FirstTest@2c35e847]" started-at="2021-12-02T17:36:04 IST" name="FirstTestTest" finished-at="2021-12-02T17:36:31 IST" duration-ms="26742" status="PASS">
          <reporter-output>
          </reporter-output>
        </test-method> <!-- FirstTestTest -->
      </class> <!-- com.test.FirstTest -->
    </test> <!-- Default test -->
  </suite> <!-- Default suite -->
</testng-results>
